2026-01-21 18:29:38,081 - asyncio - ERROR - Task was destroyed but it is pending!
task: <Task pending name='Task-6' coro=<<async_generator_athrow without __name__>()>>
2026-01-21 18:29:53,465 - asyncio - ERROR - Task was destroyed but it is pending!
task: <Task pending name='Task-18' coro=<<async_generator_athrow without __name__>()>>
2026-01-21 18:30:08,069 - asyncio - ERROR - Task was destroyed but it is pending!
task: <Task pending name='Task-38' coro=<<async_generator_athrow without __name__>()>>
2026-01-21 18:30:19,648 - asyncio - ERROR - Task exception was never retrieved
future: <Task finished name='Task-51' coro=<VideoStreamIngestor.stop() done, defined at /Users/mark/Desktop/projects/videomemory/videomemory/system/stream_ingestors/video_stream_ingestor.py:576> exception=RuntimeError('Event loop is closed')>
Traceback (most recent call last):
  File "/Users/mark/Desktop/projects/videomemory/videomemory/system/stream_ingestors/video_stream_ingestor.py", line 590, in stop
    task.cancel()
    ~~~~~~~~~~~^^
  File "/opt/homebrew/Cellar/python@3.13/3.13.5/Frameworks/Python.framework/Versions/3.13/lib/python3.13/asyncio/base_events.py", line 833, in call_soon
    self._check_closed()
    ~~~~~~~~~~~~~~~~~~^^
  File "/opt/homebrew/Cellar/python@3.13/3.13.5/Frameworks/Python.framework/Versions/3.13/lib/python3.13/asyncio/base_events.py", line 556, in _check_closed
    raise RuntimeError('Event loop is closed')
RuntimeError: Event loop is closed
2026-01-21 18:30:20,283 - asyncio - ERROR - Task was destroyed but it is pending!
task: <Task pending name='Task-58' coro=<<async_generator_athrow without __name__>()>>
2026-01-21 18:30:27,864 - asyncio - ERROR - Task was destroyed but it is pending!
task: <Task cancelling name='process_input_0' coro=<VideoStreamIngestor._process_input() done, defined at /Users/mark/Desktop/projects/videomemory/videomemory/system/stream_ingestors/video_stream_ingestor.py:144> wait_for=<Future cancelled>>
2026-01-21 18:30:27,864 - VideoStreamIngestor - ERROR - Error executing action for camera index=0: Event loop is closed
Traceback (most recent call last):
  File "/opt/homebrew/Cellar/python@3.13/3.13.5/Frameworks/Python.framework/Versions/3.13/lib/python3.13/asyncio/queues.py", line 186, in get
    await getter
GeneratorExit

During handling of the above exception, another exception occurred:

Traceback (most recent call last):
  File "/Users/mark/Desktop/projects/videomemory/videomemory/system/stream_ingestors/video_stream_ingestor.py", line 233, in _action_loop
    action = await asyncio.wait_for(
             ^^^^^^^^^^^^^^^^^^^^^^^
    ...<2 lines>...
    )
    ^
  File "/opt/homebrew/Cellar/python@3.13/3.13.5/Frameworks/Python.framework/Versions/3.13/lib/python3.13/asyncio/tasks.py", line 507, in wait_for
    return await fut
           ^^^^^^^^^
  File "/opt/homebrew/Cellar/python@3.13/3.13.5/Frameworks/Python.framework/Versions/3.13/lib/python3.13/asyncio/queues.py", line 188, in get
    getter.cancel()  # Just in case getter is not done yet.
    ~~~~~~~~~~~~~^^
  File "/opt/homebrew/Cellar/python@3.13/3.13.5/Frameworks/Python.framework/Versions/3.13/lib/python3.13/asyncio/base_events.py", line 833, in call_soon
    self._check_closed()
    ~~~~~~~~~~~~~~~~~~^^
  File "/opt/homebrew/Cellar/python@3.13/3.13.5/Frameworks/Python.framework/Versions/3.13/lib/python3.13/asyncio/base_events.py", line 556, in _check_closed
    raise RuntimeError('Event loop is closed')
RuntimeError: Event loop is closed
2026-01-21 18:30:27,866 - asyncio - ERROR - Task was destroyed but it is pending!
task: <Task pending name='action_0' coro=<VideoStreamIngestor._action_loop() done, defined at /Users/mark/Desktop/projects/videomemory/videomemory/system/stream_ingestors/video_stream_ingestor.py:225> wait_for=<Future cancelled>>
2026-01-21 18:30:28,557 - asyncio - ERROR - Task was destroyed but it is pending!
task: <Task pending name='Task-70' coro=<<async_generator_athrow without __name__>()>>
2026-01-21 18:30:34,061 - asyncio - ERROR - Task was destroyed but it is pending!
task: <Task pending name='Task-75' coro=<<async_generator_athrow without __name__>()>>
2026-01-21 18:30:37,863 - asyncio - ERROR - Task was destroyed but it is pending!
task: <Task pending name='Task-80' coro=<<async_generator_athrow without __name__>()>>
2026-01-21 18:30:56,316 - asyncio - ERROR - Task was destroyed but it is pending!
task: <Task pending name='Task-85' coro=<<async_generator_athrow without __name__>()>>
2026-01-21 18:31:04,075 - asyncio - ERROR - Task was destroyed but it is pending!
task: <Task pending name='Task-90' coro=<<async_generator_athrow without __name__>()>>
